<?xml version="1.0" encoding="UTF-8"?>
<testng-results ignored="0" total="1" passed="1" failed="0" skipped="0">
  <reporter-output>
  </reporter-output>
  <suite started-at="2026-07-04T15:14:03 EEST" name="Surefire suite" finished-at="2026-07-04T15:14:07 EEST" duration-ms="3877">
    <groups>
    </groups>
    <test started-at="2026-07-04T15:14:03 EEST" name="Surefire test" finished-at="2026-07-04T15:14:07 EEST" duration-ms="3877">
      <class name="NewTest">
        <test-method signature="testMethod()[pri:0, instance:NewTest@5fa07e12]" started-at="2026-07-04T15:14:03 EEST" name="testMethod" finished-at="2026-07-04T15:14:07 EEST" duration-ms="3581" status="PASS">
          <reporter-output>
          </reporter-output>
        </test-method> <!-- testMethod -->
      </class> <!-- NewTest -->
    </test> <!-- Surefire test -->
  </suite> <!-- Surefire suite -->
</testng-results>
